[ 2016-12-13T18:06:25+08:00 ] ::1 /tourist/index.php/home/select/getroutemsg
INFO: [ app_init ] --START--
INFO: Run Behavior\BuildLiteBehavior [ RunTime:0.000025s ]
INFO: [ app_init ] --END-- [ RunTime:0.001102s ]
INFO: [ app_begin ] --START--
INFO: Run Behavior\ReadHtmlCacheBehavior [ RunTime:0.000871s ]
INFO: [ app_begin ] --END-- [ RunTime:0.000940s ]
SQL: SHOW COLUMNS FROM `routes` [ RunTime:0.0064s ]
SQL: SELECT `id`,`name`,`traveldesc`,`price`,`daynumber`,`traffic`,`livedesc`,`fooddesc`,`liveimg`,`kinds`,`image`,`selectnumber`,`daytimes`,`updatetime` FROM `routes` WHERE `id` = 0  [ RunTime:0.0008s ]
INFO: [ app_end ] --START--
INFO: Run Behavior\ShowPageTraceBehavior [ RunTime:0.001551s ]
INFO: [ app_end ] --END-- [ RunTime:0.001635s ]

[ 2016-12-13T18:07:04+08:00 ] ::1 /tourist/index.php/home/route/getroutes
INFO: [ app_init ] --START--
INFO: Run Behavior\BuildLiteBehavior [ RunTime:0.000021s ]
INFO: [ app_init ] --END-- [ RunTime:0.000917s ]
INFO: [ app_begin ] --START--
INFO: Run Behavior\ReadHtmlCacheBehavior [ RunTime:0.000955s ]
INFO: [ app_begin ] --END-- [ RunTime:0.001024s ]
ERR: 无法加载控制器:Route

[ 2016-12-13T18:11:19+08:00 ] ::1 /tourist/
INFO: [ app_init ] --START--
INFO: Run Behavior\BuildLiteBehavior [ RunTime:0.000028s ]
INFO: [ app_init ] --END-- [ RunTime:0.001249s ]
INFO: [ app_begin ] --START--
INFO: Run Behavior\ReadHtmlCacheBehavior [ RunTime:0.000799s ]
INFO: [ app_begin ] --END-- [ RunTime:0.000871s ]
INFO: [ view_parse ] --START--
INFO: [ template_filter ] --START--
INFO: Run Behavior\ContentReplaceBehavior [ RunTime:0.000169s ]
INFO: [ template_filter ] --END-- [ RunTime:0.000246s ]
NOTIC: [8] Undefined index: username E:\PHP\xampp\htdocs\Tourist\Runtime\Cache\Home\441bc9cb2be787a26c3d31aeb0854a01.php 第 52 行.
INFO: Run Behavior\ParseTemplateBehavior [ RunTime:0.052606s ]
INFO: [ view_parse ] --END-- [ RunTime:0.052684s ]
INFO: [ view_filter ] --START--
INFO: Run Behavior\WriteHtmlCacheBehavior [ RunTime:0.000735s ]
INFO: [ view_filter ] --END-- [ RunTime:0.000792s ]
INFO: [ app_end ] --START--
INFO: Run Behavior\ShowPageTraceBehavior [ RunTime:0.001596s ]
INFO: [ app_end ] --END-- [ RunTime:0.001774s ]

[ 2016-12-13T18:12:26+08:00 ] ::1 /tourist/index.php/Home/Travel/popular
INFO: [ app_init ] --START--
INFO: Run Behavior\BuildLiteBehavior [ RunTime:0.000020s ]
INFO: [ app_init ] --END-- [ RunTime:0.000800s ]
INFO: [ app_begin ] --START--
INFO: Run Behavior\ReadHtmlCacheBehavior [ RunTime:0.001716s ]
INFO: [ app_begin ] --END-- [ RunTime:0.001913s ]
INFO: [ view_parse ] --START--
INFO: [ template_filter ] --START--
INFO: Run Behavior\ContentReplaceBehavior [ RunTime:0.000221s ]
INFO: [ template_filter ] --END-- [ RunTime:0.000352s ]
NOTIC: [8] Undefined index: username E:\PHP\xampp\htdocs\Tourist\Runtime\Cache\Home\9482fc8ef47295a66e9ea6d97952fa96.php 第 15 行.
INFO: Run Behavior\ParseTemplateBehavior [ RunTime:0.023209s ]
INFO: [ view_parse ] --END-- [ RunTime:0.023289s ]
INFO: [ view_filter ] --START--
INFO: Run Behavior\WriteHtmlCacheBehavior [ RunTime:0.000790s ]
INFO: [ view_filter ] --END-- [ RunTime:0.000848s ]
INFO: [ app_end ] --START--
INFO: Run Behavior\ShowPageTraceBehavior [ RunTime:0.001192s ]
INFO: [ app_end ] --END-- [ RunTime:0.001409s ]

[ 2016-12-13T18:12:29+08:00 ] ::1 /tourist/index.php/Home/Select/index
INFO: [ app_init ] --START--
INFO: Run Behavior\BuildLiteBehavior [ RunTime:0.000050s ]
INFO: [ app_init ] --END-- [ RunTime:0.000931s ]
INFO: [ app_begin ] --START--
INFO: Run Behavior\ReadHtmlCacheBehavior [ RunTime:0.001235s ]
INFO: [ app_begin ] --END-- [ RunTime:0.001336s ]
INFO: [ view_parse ] --START--
INFO: [ template_filter ] --START--
INFO: Run Behavior\ContentReplaceBehavior [ RunTime:0.000133s ]
INFO: [ template_filter ] --END-- [ RunTime:0.000249s ]
NOTIC: [8] Undefined index: username E:\PHP\xampp\htdocs\Tourist\Runtime\Cache\Home\39eade76cfa6e304c7cb7f86acc41178.php 第 15 行.
INFO: Run Behavior\ParseTemplateBehavior [ RunTime:0.018344s ]
INFO: [ view_parse ] --END-- [ RunTime:0.018436s ]
INFO: [ view_filter ] --START--
INFO: Run Behavior\WriteHtmlCacheBehavior [ RunTime:0.000909s ]
INFO: [ view_filter ] --END-- [ RunTime:0.000992s ]
INFO: [ app_end ] --START--
INFO: Run Behavior\ShowPageTraceBehavior [ RunTime:0.001479s ]
INFO: [ app_end ] --END-- [ RunTime:0.001593s ]

[ 2016-12-13T18:12:29+08:00 ] ::1 /tourist/index.php/Home/Select/getroutemsg?routeid=
INFO: [ app_init ] --START--
INFO: Run Behavior\BuildLiteBehavior [ RunTime:0.000021s ]
INFO: [ app_init ] --END-- [ RunTime:0.000760s ]
INFO: [ app_begin ] --START--
INFO: Run Behavior\ReadHtmlCacheBehavior [ RunTime:0.001138s ]
INFO: [ app_begin ] --END-- [ RunTime:0.001230s ]
SQL: SHOW COLUMNS FROM `routes` [ RunTime:0.0075s ]
SQL: SELECT `id`,`name`,`traveldesc`,`price`,`daynumber`,`traffic`,`livedesc`,`fooddesc`,`liveimg`,`kinds`,`image`,`selectnumber`,`daytimes`,`updatetime` FROM `routes` WHERE `id` = 0  [ RunTime:0.0010s ]
INFO: [ app_end ] --START--
INFO: Run Behavior\ShowPageTraceBehavior [ RunTime:0.001730s ]
INFO: [ app_end ] --END-- [ RunTime:0.001834s ]

[ 2016-12-13T18:12:42+08:00 ] ::1 /tourist/index.php/Home/Select/index
INFO: [ app_init ] --START--
INFO: Run Behavior\BuildLiteBehavior [ RunTime:0.000024s ]
INFO: [ app_init ] --END-- [ RunTime:0.001283s ]
INFO: [ app_begin ] --START--
INFO: Run Behavior\ReadHtmlCacheBehavior [ RunTime:0.002379s ]
INFO: [ app_begin ] --END-- [ RunTime:0.002531s ]
INFO: [ view_parse ] --START--
INFO: [ template_filter ] --START--
INFO: Run Behavior\ContentReplaceBehavior [ RunTime:0.000141s ]
INFO: [ template_filter ] --END-- [ RunTime:0.000282s ]
NOTIC: [8] Undefined index: username E:\PHP\xampp\htdocs\Tourist\Runtime\Cache\Home\39eade76cfa6e304c7cb7f86acc41178.php 第 15 行.
INFO: Run Behavior\ParseTemplateBehavior [ RunTime:0.019083s ]
INFO: [ view_parse ] --END-- [ RunTime:0.019186s ]
INFO: [ view_filter ] --START--
INFO: Run Behavior\WriteHtmlCacheBehavior [ RunTime:0.000938s ]
INFO: [ view_filter ] --END-- [ RunTime:0.001009s ]
INFO: [ app_end ] --START--
INFO: Run Behavior\ShowPageTraceBehavior [ RunTime:0.001678s ]
INFO: [ app_end ] --END-- [ RunTime:0.001784s ]

[ 2016-12-13T18:12:42+08:00 ] ::1 /tourist/index.php/Home/Select/getroutemsg?routeid=
INFO: [ app_init ] --START--
INFO: Run Behavior\BuildLiteBehavior [ RunTime:0.000033s ]
INFO: [ app_init ] --END-- [ RunTime:0.002690s ]
INFO: [ app_begin ] --START--
INFO: Run Behavior\ReadHtmlCacheBehavior [ RunTime:0.001355s ]
INFO: [ app_begin ] --END-- [ RunTime:0.001593s ]
SQL: SHOW COLUMNS FROM `routes` [ RunTime:0.0094s ]
SQL: SELECT `id`,`name`,`traveldesc`,`price`,`daynumber`,`traffic`,`livedesc`,`fooddesc`,`liveimg`,`kinds`,`image`,`selectnumber`,`daytimes`,`updatetime` FROM `routes` WHERE `id` = 0  [ RunTime:0.0011s ]
NOTIC: [8] Undefined offset: 0 E:\PHP\xampp\htdocs\Tourist\Home\Controller\SelectController.class.php 第 22 行.
NOTIC: [8] Undefined offset: 0 E:\PHP\xampp\htdocs\Tourist\Home\Controller\SelectController.class.php 第 23 行.
NOTIC: [8] Undefined offset: 0 E:\PHP\xampp\htdocs\Tourist\Home\Controller\SelectController.class.php 第 24 行.
NOTIC: [8] Undefined offset: 0 E:\PHP\xampp\htdocs\Tourist\Home\Controller\SelectController.class.php 第 25 行.
NOTIC: [8] Undefined offset: 0 E:\PHP\xampp\htdocs\Tourist\Home\Controller\SelectController.class.php 第 26 行.
NOTIC: [8] Undefined offset: 0 E:\PHP\xampp\htdocs\Tourist\Home\Controller\SelectController.class.php 第 27 行.
NOTIC: [8] Undefined offset: 0 E:\PHP\xampp\htdocs\Tourist\Home\Controller\SelectController.class.php 第 28 行.
NOTIC: [8] Undefined offset: 0 E:\PHP\xampp\htdocs\Tourist\Home\Controller\SelectController.class.php 第 29 行.
NOTIC: [8] Undefined offset: 0 E:\PHP\xampp\htdocs\Tourist\Home\Controller\SelectController.class.php 第 30 行.
NOTIC: [8] Undefined offset: 0 E:\PHP\xampp\htdocs\Tourist\Home\Controller\SelectController.class.php 第 31 行.
NOTIC: [8] Undefined offset: 0 E:\PHP\xampp\htdocs\Tourist\Home\Controller\SelectController.class.php 第 32 行.
INFO: [ app_end ] --START--
INFO: Run Behavior\ShowPageTraceBehavior [ RunTime:0.001498s ]
INFO: [ app_end ] --END-- [ RunTime:0.001598s ]

[ 2016-12-13T18:25:21+08:00 ] ::1 /tourist/index.php/Home/Select/index
INFO: [ app_init ] --START--
INFO: Run Behavior\BuildLiteBehavior [ RunTime:0.000025s ]
INFO: [ app_init ] --END-- [ RunTime:0.001377s ]
INFO: [ app_begin ] --START--
INFO: Run Behavior\ReadHtmlCacheBehavior [ RunTime:0.001806s ]
INFO: [ app_begin ] --END-- [ RunTime:0.001911s ]
INFO: [ view_parse ] --START--
INFO: [ template_filter ] --START--
INFO: Run Behavior\ContentReplaceBehavior [ RunTime:0.000105s ]
INFO: [ template_filter ] --END-- [ RunTime:0.000188s ]
NOTIC: [8] Undefined index: username E:\PHP\xampp\htdocs\Tourist\Runtime\Cache\Home\39eade76cfa6e304c7cb7f86acc41178.php 第 15 行.
INFO: Run Behavior\ParseTemplateBehavior [ RunTime:0.016073s ]
INFO: [ view_parse ] --END-- [ RunTime:0.016225s ]
INFO: [ view_filter ] --START--
INFO: Run Behavior\WriteHtmlCacheBehavior [ RunTime:0.001242s ]
INFO: [ view_filter ] --END-- [ RunTime:0.001313s ]
INFO: [ app_end ] --START--
INFO: Run Behavior\ShowPageTraceBehavior [ RunTime:0.001204s ]
INFO: [ app_end ] --END-- [ RunTime:0.001277s ]

[ 2016-12-13T18:25:22+08:00 ] ::1 /tourist/index.php/Home/Select/getroutemsg?routeid=
INFO: [ app_init ] --START--
INFO: Run Behavior\BuildLiteBehavior [ RunTime:0.000025s ]
INFO: [ app_init ] --END-- [ RunTime:0.000948s ]
INFO: [ app_begin ] --START--
INFO: Run Behavior\ReadHtmlCacheBehavior [ RunTime:0.001471s ]
INFO: [ app_begin ] --END-- [ RunTime:0.001593s ]
SQL: SHOW COLUMNS FROM `routes` [ RunTime:0.0167s ]
SQL: SELECT `id`,`name`,`traveldesc`,`price`,`daynumber`,`traffic`,`livedesc`,`fooddesc`,`liveimg`,`kinds`,`image`,`selectnumber`,`daytimes`,`updatetime` FROM `routes` WHERE `id` = 0  [ RunTime:0.0006s ]
NOTIC: [8] Undefined offset: 0 E:\PHP\xampp\htdocs\Tourist\Home\Controller\SelectController.class.php 第 22 行.
NOTIC: [8] Undefined offset: 0 E:\PHP\xampp\htdocs\Tourist\Home\Controller\SelectController.class.php 第 23 行.
NOTIC: [8] Undefined offset: 0 E:\PHP\xampp\htdocs\Tourist\Home\Controller\SelectController.class.php 第 24 行.
NOTIC: [8] Undefined offset: 0 E:\PHP\xampp\htdocs\Tourist\Home\Controller\SelectController.class.php 第 25 行.
NOTIC: [8] Undefined offset: 0 E:\PHP\xampp\htdocs\Tourist\Home\Controller\SelectController.class.php 第 26 行.
NOTIC: [8] Undefined offset: 0 E:\PHP\xampp\htdocs\Tourist\Home\Controller\SelectController.class.php 第 27 行.
NOTIC: [8] Undefined offset: 0 E:\PHP\xampp\htdocs\Tourist\Home\Controller\SelectController.class.php 第 28 行.
NOTIC: [8] Undefined offset: 0 E:\PHP\xampp\htdocs\Tourist\Home\Controller\SelectController.class.php 第 29 行.
NOTIC: [8] Undefined offset: 0 E:\PHP\xampp\htdocs\Tourist\Home\Controller\SelectController.class.php 第 30 行.
NOTIC: [8] Undefined offset: 0 E:\PHP\xampp\htdocs\Tourist\Home\Controller\SelectController.class.php 第 31 行.
NOTIC: [8] Undefined offset: 0 E:\PHP\xampp\htdocs\Tourist\Home\Controller\SelectController.class.php 第 32 行.
INFO: [ app_end ] --START--
INFO: Run Behavior\ShowPageTraceBehavior [ RunTime:0.001849s ]
INFO: [ app_end ] --END-- [ RunTime:0.001943s ]

[ 2016-12-13T18:25:25+08:00 ] ::1 /tourist/index.php/Home/Select/index
INFO: [ app_init ] --START--
INFO: Run Behavior\BuildLiteBehavior [ RunTime:0.000043s ]
INFO: [ app_init ] --END-- [ RunTime:0.001303s ]
INFO: [ app_begin ] --START--
INFO: Run Behavior\ReadHtmlCacheBehavior [ RunTime:0.001414s ]
INFO: [ app_begin ] --END-- [ RunTime:0.001529s ]
INFO: [ view_parse ] --START--
INFO: [ template_filter ] --START--
INFO: Run Behavior\ContentReplaceBehavior [ RunTime:0.000207s ]
INFO: [ template_filter ] --END-- [ RunTime:0.000309s ]
NOTIC: [8] Undefined index: username E:\PHP\xampp\htdocs\Tourist\Runtime\Cache\Home\39eade76cfa6e304c7cb7f86acc41178.php 第 15 行.
INFO: Run Behavior\ParseTemplateBehavior [ RunTime:0.017538s ]
INFO: [ view_parse ] --END-- [ RunTime:0.017627s ]
INFO: [ view_filter ] --START--
INFO: Run Behavior\WriteHtmlCacheBehavior [ RunTime:0.000687s ]
INFO: [ view_filter ] --END-- [ RunTime:0.000743s ]
INFO: [ app_end ] --START--
INFO: Run Behavior\ShowPageTraceBehavior [ RunTime:0.001049s ]
INFO: [ app_end ] --END-- [ RunTime:0.001131s ]

[ 2016-12-13T18:25:26+08:00 ] ::1 /tourist/index.php/Home/Select/getroutemsg?routeid=
INFO: [ app_init ] --START--
INFO: Run Behavior\BuildLiteBehavior [ RunTime:0.000019s ]
INFO: [ app_init ] --END-- [ RunTime:0.000830s ]
INFO: [ app_begin ] --START--
INFO: Run Behavior\ReadHtmlCacheBehavior [ RunTime:0.002099s ]
INFO: [ app_begin ] --END-- [ RunTime:0.002197s ]
SQL: SHOW COLUMNS FROM `routes` [ RunTime:0.0516s ]
SQL: SELECT `id`,`name`,`traveldesc`,`price`,`daynumber`,`traffic`,`livedesc`,`fooddesc`,`liveimg`,`kinds`,`image`,`selectnumber`,`daytimes`,`updatetime` FROM `routes` WHERE `id` = 0  [ RunTime:0.0008s ]
NOTIC: [8] Undefined offset: 0 E:\PHP\xampp\htdocs\Tourist\Home\Controller\SelectController.class.php 第 22 行.
NOTIC: [8] Undefined offset: 0 E:\PHP\xampp\htdocs\Tourist\Home\Controller\SelectController.class.php 第 23 行.
NOTIC: [8] Undefined offset: 0 E:\PHP\xampp\htdocs\Tourist\Home\Controller\SelectController.class.php 第 24 行.
NOTIC: [8] Undefined offset: 0 E:\PHP\xampp\htdocs\Tourist\Home\Controller\SelectController.class.php 第 25 行.
NOTIC: [8] Undefined offset: 0 E:\PHP\xampp\htdocs\Tourist\Home\Controller\SelectController.class.php 第 26 行.
NOTIC: [8] Undefined offset: 0 E:\PHP\xampp\htdocs\Tourist\Home\Controller\SelectController.class.php 第 27 行.
NOTIC: [8] Undefined offset: 0 E:\PHP\xampp\htdocs\Tourist\Home\Controller\SelectController.class.php 第 28 行.
NOTIC: [8] Undefined offset: 0 E:\PHP\xampp\htdocs\Tourist\Home\Controller\SelectController.class.php 第 29 行.
NOTIC: [8] Undefined offset: 0 E:\PHP\xampp\htdocs\Tourist\Home\Controller\SelectController.class.php 第 30 行.
NOTIC: [8] Undefined offset: 0 E:\PHP\xampp\htdocs\Tourist\Home\Controller\SelectController.class.php 第 31 行.
NOTIC: [8] Undefined offset: 0 E:\PHP\xampp\htdocs\Tourist\Home\Controller\SelectController.class.php 第 32 行.
INFO: [ app_end ] --START--
INFO: Run Behavior\ShowPageTraceBehavior [ RunTime:0.003173s ]
INFO: [ app_end ] --END-- [ RunTime:0.003458s ]

[ 2016-12-13T18:25:40+08:00 ] ::1 /tourist/index.php/Home/Travel/popular
INFO: [ app_init ] --START--
INFO: Run Behavior\BuildLiteBehavior [ RunTime:0.000025s ]
INFO: [ app_init ] --END-- [ RunTime:0.001304s ]
INFO: [ app_begin ] --START--
INFO: Run Behavior\ReadHtmlCacheBehavior [ RunTime:0.001270s ]
INFO: [ app_begin ] --END-- [ RunTime:0.001354s ]
INFO: [ view_parse ] --START--
INFO: [ template_filter ] --START--
INFO: Run Behavior\ContentReplaceBehavior [ RunTime:0.000204s ]
INFO: [ template_filter ] --END-- [ RunTime:0.000311s ]
NOTIC: [8] Undefined index: username E:\PHP\xampp\htdocs\Tourist\Runtime\Cache\Home\9482fc8ef47295a66e9ea6d97952fa96.php 第 15 行.
INFO: Run Behavior\ParseTemplateBehavior [ RunTime:0.022790s ]
INFO: [ view_parse ] --END-- [ RunTime:0.022893s ]
INFO: [ view_filter ] --START--
INFO: Run Behavior\WriteHtmlCacheBehavior [ RunTime:0.001056s ]
INFO: [ view_filter ] --END-- [ RunTime:0.001146s ]
INFO: [ app_end ] --START--
INFO: Run Behavior\ShowPageTraceBehavior [ RunTime:0.002725s ]
INFO: [ app_end ] --END-- [ RunTime:0.002873s ]

[ 2016-12-13T18:25:42+08:00 ] ::1 /tourist/index.php/Home/Select/index
INFO: [ app_init ] --START--
INFO: Run Behavior\BuildLiteBehavior [ RunTime:0.000028s ]
INFO: [ app_init ] --END-- [ RunTime:0.001016s ]
INFO: [ app_begin ] --START--
INFO: Run Behavior\ReadHtmlCacheBehavior [ RunTime:0.001453s ]
INFO: [ app_begin ] --END-- [ RunTime:0.001570s ]
INFO: [ view_parse ] --START--
INFO: [ template_filter ] --START--
INFO: Run Behavior\ContentReplaceBehavior [ RunTime:0.000180s ]
INFO: [ template_filter ] --END-- [ RunTime:0.000376s ]
NOTIC: [8] Undefined index: username E:\PHP\xampp\htdocs\Tourist\Runtime\Cache\Home\39eade76cfa6e304c7cb7f86acc41178.php 第 15 行.
INFO: Run Behavior\ParseTemplateBehavior [ RunTime:0.017488s ]
INFO: [ view_parse ] --END-- [ RunTime:0.017593s ]
INFO: [ view_filter ] --START--
INFO: Run Behavior\WriteHtmlCacheBehavior [ RunTime:0.001226s ]
INFO: [ view_filter ] --END-- [ RunTime:0.001334s ]
INFO: [ app_end ] --START--
INFO: Run Behavior\ShowPageTraceBehavior [ RunTime:0.001650s ]
INFO: [ app_end ] --END-- [ RunTime:0.001801s ]

[ 2016-12-13T18:25:42+08:00 ] ::1 /tourist/index.php/Home/Select/getroutemsg?routeid=
INFO: [ app_init ] --START--
INFO: Run Behavior\BuildLiteBehavior [ RunTime:0.000032s ]
INFO: [ app_init ] --END-- [ RunTime:0.001454s ]
INFO: [ app_begin ] --START--
INFO: Run Behavior\ReadHtmlCacheBehavior [ RunTime:0.001223s ]
INFO: [ app_begin ] --END-- [ RunTime:0.001330s ]
SQL: SHOW COLUMNS FROM `routes` [ RunTime:0.0144s ]
SQL: SELECT `id`,`name`,`traveldesc`,`price`,`daynumber`,`traffic`,`livedesc`,`fooddesc`,`liveimg`,`kinds`,`image`,`selectnumber`,`daytimes`,`updatetime` FROM `routes` WHERE `id` = 0  [ RunTime:0.0014s ]
NOTIC: [8] Undefined offset: 0 E:\PHP\xampp\htdocs\Tourist\Home\Controller\SelectController.class.php 第 22 行.
NOTIC: [8] Undefined offset: 0 E:\PHP\xampp\htdocs\Tourist\Home\Controller\SelectController.class.php 第 23 行.
NOTIC: [8] Undefined offset: 0 E:\PHP\xampp\htdocs\Tourist\Home\Controller\SelectController.class.php 第 24 行.
NOTIC: [8] Undefined offset: 0 E:\PHP\xampp\htdocs\Tourist\Home\Controller\SelectController.class.php 第 25 行.
NOTIC: [8] Undefined offset: 0 E:\PHP\xampp\htdocs\Tourist\Home\Controller\SelectController.class.php 第 26 行.
NOTIC: [8] Undefined offset: 0 E:\PHP\xampp\htdocs\Tourist\Home\Controller\SelectController.class.php 第 27 行.
NOTIC: [8] Undefined offset: 0 E:\PHP\xampp\htdocs\Tourist\Home\Controller\SelectController.class.php 第 28 行.
NOTIC: [8] Undefined offset: 0 E:\PHP\xampp\htdocs\Tourist\Home\Controller\SelectController.class.php 第 29 行.
NOTIC: [8] Undefined offset: 0 E:\PHP\xampp\htdocs\Tourist\Home\Controller\SelectController.class.php 第 30 行.
NOTIC: [8] Undefined offset: 0 E:\PHP\xampp\htdocs\Tourist\Home\Controller\SelectController.class.php 第 31 行.
NOTIC: [8] Undefined offset: 0 E:\PHP\xampp\htdocs\Tourist\Home\Controller\SelectController.class.php 第 32 行.
INFO: [ app_end ] --START--
INFO: Run Behavior\ShowPageTraceBehavior [ RunTime:0.001779s ]
INFO: [ app_end ] --END-- [ RunTime:0.001889s ]

[ 2016-12-13T18:26:16+08:00 ] ::1 /tourist/index.php/Home/Travel/popular
INFO: [ app_init ] --START--
INFO: Run Behavior\BuildLiteBehavior [ RunTime:0.000029s ]
INFO: [ app_init ] --END-- [ RunTime:0.001240s ]
INFO: [ app_begin ] --START--
INFO: Run Behavior\ReadHtmlCacheBehavior [ RunTime:0.001010s ]
INFO: [ app_begin ] --END-- [ RunTime:0.001125s ]
INFO: [ view_parse ] --START--
INFO: [ template_filter ] --START--
INFO: Run Behavior\ContentReplaceBehavior [ RunTime:0.000192s ]
INFO: [ template_filter ] --END-- [ RunTime:0.000291s ]
NOTIC: [8] Undefined index: username E:\PHP\xampp\htdocs\Tourist\Runtime\Cache\Home\9482fc8ef47295a66e9ea6d97952fa96.php 第 15 行.
INFO: Run Behavior\ParseTemplateBehavior [ RunTime:0.019127s ]
INFO: [ view_parse ] --END-- [ RunTime:0.019213s ]
INFO: [ view_filter ] --START--
INFO: Run Behavior\WriteHtmlCacheBehavior [ RunTime:0.000602s ]
INFO: [ view_filter ] --END-- [ RunTime:0.000657s ]
INFO: [ app_end ] --START--
INFO: Run Behavior\ShowPageTraceBehavior [ RunTime:0.001537s ]
INFO: [ app_end ] --END-- [ RunTime:0.001660s ]

[ 2016-12-13T18:26:19+08:00 ] ::1 /tourist/index.php/Home/Select/index
INFO: [ app_init ] --START--
INFO: Run Behavior\BuildLiteBehavior [ RunTime:0.000020s ]
INFO: [ app_init ] --END-- [ RunTime:0.000771s ]
INFO: [ app_begin ] --START--
INFO: Run Behavior\ReadHtmlCacheBehavior [ RunTime:0.001112s ]
INFO: [ app_begin ] --END-- [ RunTime:0.001187s ]
INFO: [ view_parse ] --START--
INFO: [ template_filter ] --START--
INFO: Run Behavior\ContentReplaceBehavior [ RunTime:0.000111s ]
INFO: [ template_filter ] --END-- [ RunTime:0.000192s ]
NOTIC: [8] Undefined index: username E:\PHP\xampp\htdocs\Tourist\Runtime\Cache\Home\39eade76cfa6e304c7cb7f86acc41178.php 第 15 行.
INFO: Run Behavior\ParseTemplateBehavior [ RunTime:0.018928s ]
INFO: [ view_parse ] --END-- [ RunTime:0.019005s ]
INFO: [ view_filter ] --START--
INFO: Run Behavior\WriteHtmlCacheBehavior [ RunTime:0.001102s ]
INFO: [ view_filter ] --END-- [ RunTime:0.001235s ]
INFO: [ app_end ] --START--
INFO: Run Behavior\ShowPageTraceBehavior [ RunTime:0.002294s ]
INFO: [ app_end ] --END-- [ RunTime:0.002421s ]

[ 2016-12-13T18:26:19+08:00 ] ::1 /tourist/index.php/Home/Select/getroutemsg?routeid=
INFO: [ app_init ] --START--
INFO: Run Behavior\BuildLiteBehavior [ RunTime:0.000064s ]
INFO: [ app_init ] --END-- [ RunTime:0.002071s ]
INFO: [ app_begin ] --START--
INFO: Run Behavior\ReadHtmlCacheBehavior [ RunTime:0.001480s ]
INFO: [ app_begin ] --END-- [ RunTime:0.001649s ]
SQL: SHOW COLUMNS FROM `routes` [ RunTime:0.0117s ]
SQL: SELECT `id`,`name`,`traveldesc`,`price`,`daynumber`,`traffic`,`livedesc`,`fooddesc`,`liveimg`,`kinds`,`image`,`selectnumber`,`daytimes`,`updatetime` FROM `routes` WHERE `id` = 0  [ RunTime:0.0013s ]
NOTIC: [8] Undefined offset: 0 E:\PHP\xampp\htdocs\Tourist\Home\Controller\SelectController.class.php 第 22 行.
NOTIC: [8] Undefined offset: 0 E:\PHP\xampp\htdocs\Tourist\Home\Controller\SelectController.class.php 第 23 行.
NOTIC: [8] Undefined offset: 0 E:\PHP\xampp\htdocs\Tourist\Home\Controller\SelectController.class.php 第 24 行.
NOTIC: [8] Undefined offset: 0 E:\PHP\xampp\htdocs\Tourist\Home\Controller\SelectController.class.php 第 25 行.
NOTIC: [8] Undefined offset: 0 E:\PHP\xampp\htdocs\Tourist\Home\Controller\SelectController.class.php 第 26 行.
NOTIC: [8] Undefined offset: 0 E:\PHP\xampp\htdocs\Tourist\Home\Controller\SelectController.class.php 第 27 行.
NOTIC: [8] Undefined offset: 0 E:\PHP\xampp\htdocs\Tourist\Home\Controller\SelectController.class.php 第 28 行.
NOTIC: [8] Undefined offset: 0 E:\PHP\xampp\htdocs\Tourist\Home\Controller\SelectController.class.php 第 29 行.
NOTIC: [8] Undefined offset: 0 E:\PHP\xampp\htdocs\Tourist\Home\Controller\SelectController.class.php 第 30 行.
NOTIC: [8] Undefined offset: 0 E:\PHP\xampp\htdocs\Tourist\Home\Controller\SelectController.class.php 第 31 行.
NOTIC: [8] Undefined offset: 0 E:\PHP\xampp\htdocs\Tourist\Home\Controller\SelectController.class.php 第 32 行.
INFO: [ app_end ] --START--
INFO: Run Behavior\ShowPageTraceBehavior [ RunTime:0.001700s ]
INFO: [ app_end ] --END-- [ RunTime:0.001787s ]

[ 2016-12-13T18:45:22+08:00 ] ::1 /tourist/
INFO: [ app_init ] --START--
INFO: Run Behavior\BuildLiteBehavior [ RunTime:0.000019s ]
INFO: [ app_init ] --END-- [ RunTime:0.000914s ]
INFO: [ app_begin ] --START--
INFO: Run Behavior\ReadHtmlCacheBehavior [ RunTime:0.001020s ]
INFO: [ app_begin ] --END-- [ RunTime:0.001082s ]
INFO: [ view_parse ] --START--
INFO: [ template_filter ] --START--
INFO: Run Behavior\ContentReplaceBehavior [ RunTime:0.000167s ]
INFO: [ template_filter ] --END-- [ RunTime:0.000238s ]
NOTIC: [8] Undefined index: username E:\PHP\xampp\htdocs\Tourist\Runtime\Cache\Home\441bc9cb2be787a26c3d31aeb0854a01.php 第 52 行.
INFO: Run Behavior\ParseTemplateBehavior [ RunTime:0.017654s ]
INFO: [ view_parse ] --END-- [ RunTime:0.017720s ]
INFO: [ view_filter ] --START--
INFO: Run Behavior\WriteHtmlCacheBehavior [ RunTime:0.001133s ]
INFO: [ view_filter ] --END-- [ RunTime:0.001190s ]
INFO: [ app_end ] --START--
INFO: Run Behavior\ShowPageTraceBehavior [ RunTime:0.001537s ]
INFO: [ app_end ] --END-- [ RunTime:0.001772s ]

[ 2016-12-13T18:45:35+08:00 ] ::1 /tourist/
INFO: [ app_init ] --START--
INFO: Run Behavior\BuildLiteBehavior [ RunTime:0.000040s ]
INFO: [ app_init ] --END-- [ RunTime:0.001666s ]
INFO: [ app_begin ] --START--
INFO: Run Behavior\ReadHtmlCacheBehavior [ RunTime:0.001769s ]
INFO: [ app_begin ] --END-- [ RunTime:0.001898s ]
INFO: [ view_parse ] --START--
INFO: [ template_filter ] --START--
INFO: Run Behavior\ContentReplaceBehavior [ RunTime:0.000692s ]
INFO: [ template_filter ] --END-- [ RunTime:0.001233s ]
NOTIC: [8] Undefined index: username E:\PHP\xampp\htdocs\Tourist\Runtime\Cache\Home\441bc9cb2be787a26c3d31aeb0854a01.php 第 52 行.
INFO: Run Behavior\ParseTemplateBehavior [ RunTime:0.025990s ]
INFO: [ view_parse ] --END-- [ RunTime:0.026096s ]
INFO: [ view_filter ] --START--
INFO: Run Behavior\WriteHtmlCacheBehavior [ RunTime:0.001191s ]
INFO: [ view_filter ] --END-- [ RunTime:0.001479s ]
INFO: [ app_end ] --START--
INFO: Run Behavior\ShowPageTraceBehavior [ RunTime:0.002436s ]
INFO: [ app_end ] --END-- [ RunTime:0.002596s ]

[ 2016-12-13T18:49:14+08:00 ] ::1 /tourist/index.php/Home/Travel/popular
INFO: [ app_init ] --START--
INFO: Run Behavior\BuildLiteBehavior [ RunTime:0.000033s ]
INFO: [ app_init ] --END-- [ RunTime:0.001931s ]
INFO: [ app_begin ] --START--
INFO: Run Behavior\ReadHtmlCacheBehavior [ RunTime:0.001941s ]
INFO: [ app_begin ] --END-- [ RunTime:0.002135s ]
INFO: [ view_parse ] --START--
INFO: [ template_filter ] --START--
INFO: Run Behavior\ContentReplaceBehavior [ RunTime:0.000313s ]
INFO: [ template_filter ] --END-- [ RunTime:0.000497s ]
NOTIC: [8] Undefined index: username E:\PHP\xampp\htdocs\Tourist\Runtime\Cache\Home\9482fc8ef47295a66e9ea6d97952fa96.php 第 15 行.
INFO: Run Behavior\ParseTemplateBehavior [ RunTime:0.049225s ]
INFO: [ view_parse ] --END-- [ RunTime:0.049455s ]
INFO: [ view_filter ] --START--
INFO: Run Behavior\WriteHtmlCacheBehavior [ RunTime:0.001727s ]
INFO: [ view_filter ] --END-- [ RunTime:0.001837s ]
INFO: [ app_end ] --START--
INFO: Run Behavior\ShowPageTraceBehavior [ RunTime:0.004488s ]
INFO: [ app_end ] --END-- [ RunTime:0.004627s ]

[ 2016-12-13T18:49:20+08:00 ] ::1 /tourist/index.php/Home/Travel/around
INFO: [ app_init ] --START--
INFO: Run Behavior\BuildLiteBehavior [ RunTime:0.000074s ]
INFO: [ app_init ] --END-- [ RunTime:0.003249s ]
INFO: [ app_begin ] --START--
INFO: Run Behavior\ReadHtmlCacheBehavior [ RunTime:0.002967s ]
INFO: [ app_begin ] --END-- [ RunTime:0.003195s ]
INFO: [ view_parse ] --START--
INFO: [ template_filter ] --START--
INFO: Run Behavior\ContentReplaceBehavior [ RunTime:0.000236s ]
INFO: [ template_filter ] --END-- [ RunTime:0.000423s ]
NOTIC: [8] Undefined index: username E:\PHP\xampp\htdocs\Tourist\Runtime\Cache\Home\94898d746db49122c2bdf261241b1992.php 第 15 行.
INFO: Run Behavior\ParseTemplateBehavior [ RunTime:0.061338s ]
INFO: [ view_parse ] --END-- [ RunTime:0.061491s ]
INFO: [ view_filter ] --START--
INFO: Run Behavior\WriteHtmlCacheBehavior [ RunTime:0.001375s ]
INFO: [ view_filter ] --END-- [ RunTime:0.001449s ]
INFO: [ app_end ] --START--
INFO: Run Behavior\ShowPageTraceBehavior [ RunTime:0.001109s ]
INFO: [ app_end ] --END-- [ RunTime:0.001185s ]

[ 2016-12-13T18:49:21+08:00 ] ::1 /tourist/index.php/Home/Travel/getmost/kinds/1.html
INFO: [ app_init ] --START--
INFO: Run Behavior\BuildLiteBehavior [ RunTime:0.000062s ]
INFO: [ app_init ] --END-- [ RunTime:0.006066s ]
INFO: [ app_begin ] --START--
INFO: Run Behavior\ReadHtmlCacheBehavior [ RunTime:0.002899s ]
INFO: [ app_begin ] --END-- [ RunTime:0.003046s ]
SQL: SHOW COLUMNS FROM `routes` [ RunTime:0.0137s ]
SQL: SELECT `id`,`name`,`traveldesc`,`price`,`daynumber`,`traffic`,`livedesc`,`fooddesc`,`liveimg`,`kinds`,`image`,`selectnumber`,`daytimes`,`updatetime` FROM `routes` WHERE `kinds` = 1 ORDER BY selectnumber desc LIMIT 3   [ RunTime:0.0026s ]
INFO: [ app_end ] --START--
INFO: Run Behavior\ShowPageTraceBehavior [ RunTime:0.002919s ]
INFO: [ app_end ] --END-- [ RunTime:0.003070s ]

[ 2016-12-13T18:49:21+08:00 ] ::1 /tourist/index.php/Home/Travel/getroutes/kinds/1.html
INFO: [ app_init ] --START--
INFO: Run Behavior\BuildLiteBehavior [ RunTime:0.000031s ]
INFO: [ app_init ] --END-- [ RunTime:0.002023s ]
INFO: [ app_begin ] --START--
INFO: Run Behavior\ReadHtmlCacheBehavior [ RunTime:0.002406s ]
INFO: [ app_begin ] --END-- [ RunTime:0.002584s ]
SQL: SHOW COLUMNS FROM `routes` [ RunTime:0.0111s ]
SQL: SELECT `id`,`name`,`traveldesc`,`price`,`daynumber`,`traffic`,`livedesc`,`fooddesc`,`liveimg`,`kinds`,`image`,`selectnumber`,`daytimes`,`updatetime` FROM `routes` WHERE `kinds` = 1  [ RunTime:0.0015s ]
INFO: [ app_end ] --START--
INFO: Run Behavior\ShowPageTraceBehavior [ RunTime:0.003943s ]
INFO: [ app_end ] --END-- [ RunTime:0.004155s ]

[ 2016-12-13T18:49:23+08:00 ] ::1 /tourist/index.php/Home/select/index/routeid/3
INFO: [ app_init ] --START--
INFO: Run Behavior\BuildLiteBehavior [ RunTime:0.000059s ]
INFO: [ app_init ] --END-- [ RunTime:0.002129s ]
INFO: [ app_begin ] --START--
INFO: Run Behavior\ReadHtmlCacheBehavior [ RunTime:0.003519s ]
INFO: [ app_begin ] --END-- [ RunTime:0.003972s ]
INFO: [ view_parse ] --START--
INFO: [ template_filter ] --START--
INFO: Run Behavior\ContentReplaceBehavior [ RunTime:0.001154s ]
INFO: [ template_filter ] --END-- [ RunTime:0.001923s ]
NOTIC: [8] Undefined index: username E:\PHP\xampp\htdocs\Tourist\Runtime\Cache\Home\39eade76cfa6e304c7cb7f86acc41178.php 第 15 行.
INFO: Run Behavior\ParseTemplateBehavior [ RunTime:0.033245s ]
INFO: [ view_parse ] --END-- [ RunTime:0.033345s ]
INFO: [ view_filter ] --START--
INFO: Run Behavior\WriteHtmlCacheBehavior [ RunTime:0.000775s ]
INFO: [ view_filter ] --END-- [ RunTime:0.000835s ]
INFO: [ app_end ] --START--
INFO: Run Behavior\ShowPageTraceBehavior [ RunTime:0.001244s ]
INFO: [ app_end ] --END-- [ RunTime:0.001354s ]

[ 2016-12-13T18:49:24+08:00 ] ::1 /tourist/index.php/Home/Select/getroutemsg?routeid=3
INFO: [ app_init ] --START--
INFO: Run Behavior\BuildLiteBehavior [ RunTime:0.000047s ]
INFO: [ app_init ] --END-- [ RunTime:0.006470s ]
INFO: [ app_begin ] --START--
INFO: Run Behavior\ReadHtmlCacheBehavior [ RunTime:0.002603s ]
INFO: [ app_begin ] --END-- [ RunTime:0.002745s ]
SQL: SHOW COLUMNS FROM `routes` [ RunTime:0.0095s ]
SQL: SELECT `id`,`name`,`traveldesc`,`price`,`daynumber`,`traffic`,`livedesc`,`fooddesc`,`liveimg`,`kinds`,`image`,`selectnumber`,`daytimes`,`updatetime` FROM `routes` WHERE `id` = 3  [ RunTime:0.0016s ]
INFO: [ app_end ] --START--
INFO: Run Behavior\ShowPageTraceBehavior [ RunTime:0.002173s ]
INFO: [ app_end ] --END-- [ RunTime:0.002313s ]

[ 2016-12-13T18:49:31+08:00 ] ::1 /tourist/index.php/Home/Travel/popular
INFO: [ app_init ] --START--
INFO: Run Behavior\BuildLiteBehavior [ RunTime:0.000029s ]
INFO: [ app_init ] --END-- [ RunTime:0.001112s ]
INFO: [ app_begin ] --START--
INFO: Run Behavior\ReadHtmlCacheBehavior [ RunTime:0.001306s ]
INFO: [ app_begin ] --END-- [ RunTime:0.001390s ]
INFO: [ view_parse ] --START--
INFO: [ template_filter ] --START--
INFO: Run Behavior\ContentReplaceBehavior [ RunTime:0.000209s ]
INFO: [ template_filter ] --END-- [ RunTime:0.000297s ]
NOTIC: [8] Undefined index: username E:\PHP\xampp\htdocs\Tourist\Runtime\Cache\Home\9482fc8ef47295a66e9ea6d97952fa96.php 第 15 行.
INFO: Run Behavior\ParseTemplateBehavior [ RunTime:0.022190s ]
INFO: [ view_parse ] --END-- [ RunTime:0.022301s ]
INFO: [ view_filter ] --START--
INFO: Run Behavior\WriteHtmlCacheBehavior [ RunTime:0.001740s ]
INFO: [ view_filter ] --END-- [ RunTime:0.001868s ]
INFO: [ app_end ] --START--
INFO: Run Behavior\ShowPageTraceBehavior [ RunTime:0.001840s ]
INFO: [ app_end ] --END-- [ RunTime:0.001987s ]

[ 2016-12-13T18:49:34+08:00 ] ::1 /tourist/index.php/Home/Travel/around
INFO: [ app_init ] --START--
INFO: Run Behavior\BuildLiteBehavior [ RunTime:0.000038s ]
INFO: [ app_init ] --END-- [ RunTime:0.001102s ]
INFO: [ app_begin ] --START--
INFO: Run Behavior\ReadHtmlCacheBehavior [ RunTime:0.001058s ]
INFO: [ app_begin ] --END-- [ RunTime:0.001139s ]
INFO: [ view_parse ] --START--
INFO: [ template_filter ] --START--
INFO: Run Behavior\ContentReplaceBehavior [ RunTime:0.000139s ]
INFO: [ template_filter ] --END-- [ RunTime:0.000241s ]
NOTIC: [8] Undefined index: username E:\PHP\xampp\htdocs\Tourist\Runtime\Cache\Home\94898d746db49122c2bdf261241b1992.php 第 15 行.
INFO: Run Behavior\ParseTemplateBehavior [ RunTime:0.016655s ]
INFO: [ view_parse ] --END-- [ RunTime:0.016751s ]
INFO: [ view_filter ] --START--
INFO: Run Behavior\WriteHtmlCacheBehavior [ RunTime:0.001071s ]
INFO: [ view_filter ] --END-- [ RunTime:0.001182s ]
INFO: [ app_end ] --START--
INFO: Run Behavior\ShowPageTraceBehavior [ RunTime:0.001223s ]
INFO: [ app_end ] --END-- [ RunTime:0.001301s ]

[ 2016-12-13T18:49:34+08:00 ] ::1 /tourist/index.php/Home/Travel/getmost/kinds/1.html
INFO: [ app_init ] --START--
INFO: Run Behavior\BuildLiteBehavior [ RunTime:0.000026s ]
INFO: [ app_init ] --END-- [ RunTime:0.001036s ]
INFO: [ app_begin ] --START--
INFO: Run Behavior\ReadHtmlCacheBehavior [ RunTime:0.001014s ]
INFO: [ app_begin ] --END-- [ RunTime:0.001100s ]
SQL: SHOW COLUMNS FROM `routes` [ RunTime:0.0104s ]
SQL: SELECT `id`,`name`,`traveldesc`,`price`,`daynumber`,`traffic`,`livedesc`,`fooddesc`,`liveimg`,`kinds`,`image`,`selectnumber`,`daytimes`,`updatetime` FROM `routes` WHERE `kinds` = 1 ORDER BY selectnumber desc LIMIT 3   [ RunTime:0.0015s ]
INFO: [ app_end ] --START--
INFO: Run Behavior\ShowPageTraceBehavior [ RunTime:0.003022s ]
INFO: [ app_end ] --END-- [ RunTime:0.003161s ]

[ 2016-12-13T18:49:34+08:00 ] ::1 /tourist/index.php/Home/Travel/getroutes/kinds/1.html
INFO: [ app_init ] --START--
INFO: Run Behavior\BuildLiteBehavior [ RunTime:0.000028s ]
INFO: [ app_init ] --END-- [ RunTime:0.001304s ]
INFO: [ app_begin ] --START--
INFO: Run Behavior\ReadHtmlCacheBehavior [ RunTime:0.001031s ]
INFO: [ app_begin ] --END-- [ RunTime:0.001112s ]
SQL: SHOW COLUMNS FROM `routes` [ RunTime:0.0097s ]
SQL: SELECT `id`,`name`,`traveldesc`,`price`,`daynumber`,`traffic`,`livedesc`,`fooddesc`,`liveimg`,`kinds`,`image`,`selectnumber`,`daytimes`,`updatetime` FROM `routes` WHERE `kinds` = 1  [ RunTime:0.0009s ]
INFO: [ app_end ] --START--
INFO: Run Behavior\ShowPageTraceBehavior [ RunTime:0.001627s ]
INFO: [ app_end ] --END-- [ RunTime:0.001722s ]

[ 2016-12-13T18:49:35+08:00 ] ::1 /tourist/index.php/Home/select/index/routeid/3
INFO: [ app_init ] --START--
INFO: Run Behavior\BuildLiteBehavior [ RunTime:0.000032s ]
INFO: [ app_init ] --END-- [ RunTime:0.001260s ]
INFO: [ app_begin ] --START--
INFO: Run Behavior\ReadHtmlCacheBehavior [ RunTime:0.001833s ]
INFO: [ app_begin ] --END-- [ RunTime:0.001964s ]
INFO: [ view_parse ] --START--
INFO: [ template_filter ] --START--
INFO: Run Behavior\ContentReplaceBehavior [ RunTime:0.000875s ]
INFO: [ template_filter ] --END-- [ RunTime:0.001161s ]
NOTIC: [8] Undefined index: username E:\PHP\xampp\htdocs\Tourist\Runtime\Cache\Home\39eade76cfa6e304c7cb7f86acc41178.php 第 15 行.
INFO: Run Behavior\ParseTemplateBehavior [ RunTime:0.019983s ]
INFO: [ view_parse ] --END-- [ RunTime:0.020116s ]
INFO: [ view_filter ] --START--
INFO: Run Behavior\WriteHtmlCacheBehavior [ RunTime:0.001179s ]
INFO: [ view_filter ] --END-- [ RunTime:0.001277s ]
INFO: [ app_end ] --START--
INFO: Run Behavior\ShowPageTraceBehavior [ RunTime:0.001283s ]
INFO: [ app_end ] --END-- [ RunTime:0.001377s ]

[ 2016-12-13T18:49:36+08:00 ] ::1 /tourist/index.php/Home/Select/getroutemsg?routeid=3
INFO: [ app_init ] --START--
INFO: Run Behavior\BuildLiteBehavior [ RunTime:0.000059s ]
INFO: [ app_init ] --END-- [ RunTime:0.001878s ]
INFO: [ app_begin ] --START--
INFO: Run Behavior\ReadHtmlCacheBehavior [ RunTime:0.001123s ]
INFO: [ app_begin ] --END-- [ RunTime:0.001206s ]
SQL: SHOW COLUMNS FROM `routes` [ RunTime:0.0091s ]
SQL: SELECT `id`,`name`,`traveldesc`,`price`,`daynumber`,`traffic`,`livedesc`,`fooddesc`,`liveimg`,`kinds`,`image`,`selectnumber`,`daytimes`,`updatetime` FROM `routes` WHERE `id` = 3  [ RunTime:0.0007s ]
INFO: [ app_end ] --START--
INFO: Run Behavior\ShowPageTraceBehavior [ RunTime:0.001326s ]
INFO: [ app_end ] --END-- [ RunTime:0.001444s ]

